Sender: LSF System <lsf@node1027>
Subject: Job 328789: <651> Done

Job <651> was submitted from host <gpdream> by user <gpdream> in cluster <cromwell>.
Job was executed on host(s) <node1027>, in queue <week>, as user <gpdream> in cluster <cromwell>.
</home/unix/gpdream> was used as the home directory.
</xchip/gpdev/servers/dream/jobResults/651> was used as the working directory.
Started at Mon Aug 13 12:41:01 2012
Results reported at Mon Aug 13 15:39:01 2012

Your job looked like:

------------------------------------------------------------
# LSBATCH: User input
'/xchip/gpdev/servers/dream/taskLib/CLR.22.152/clr' '--data' '/xchip/gpdev/servers/dream/shared_data/dream5_data/net3/net3_expression_data.tsv' '--reg' '/xchip/gpdev/servers/dream/shared_data/dream5_data/net3/net3_transcription_factors.tsv' '--cut' '-1' '--bins' '10' '--spline' '3' >> 'stdout.txt'
------------------------------------------------------------

Successfully completed.

Resource usage summary:

    CPU time   :  10783.78 sec.
    Max Memory :       430 MB
    Max Swap   :       467 MB

    Max Processes  :         3
    Max Threads    :         4

The output (if any) follows:



PS:

Read file </xchip/gpdev/servers/dream/jobResults/651/stderr.txt> for stderr output of this job.

