Sender: LSF System <lsf@node462>
Subject: Job 192677: <627> Done

Job <627> was submitted from host <gpdream> by user <gpdream> in cluster <cromwell>.
Job was executed on host(s) <node462>, in queue <hour>, as user <gpdream> in cluster <cromwell>.
</home/unix/gpdream> was used as the home directory.
</xchip/gpdev/servers/dream/jobResults/627> was used as the working directory.
Started at Sun Aug 12 10:38:07 2012
Results reported at Sun Aug 12 10:38:42 2012

Your job looked like:

------------------------------------------------------------
# LSBATCH: User input
'java' '-Xmx1g' '-jar' '/xchip/gpdev/servers/dream/taskLib/BasicCorrelation.5.240/Correlation.jar' '--data' '/xchip/gpdev/servers/dream/shared_data/dream5_data/net2/net2_expression_data.tsv' '--reg' '/xchip/gpdev/servers/dream/shared_data/dream5_data/net2/net2_transcription_factors.tsv' '--cut' '-1' '--cor' 'spearman' >> 'stdout.txt'
------------------------------------------------------------

Successfully completed.

Resource usage summary:

    CPU time   :     30.14 sec.
    Max Memory :       409 MB
    Max Swap   :      2088 MB

    Max Processes  :         3
    Max Threads    :        17

The output (if any) follows:



PS:

Read file </xchip/gpdev/servers/dream/jobResults/627/stderr.txt> for stderr output of this job.

