Sender: LSF System <lsf@node434>
Subject: Job 198795: <635> Done

Job <635> was submitted from host <gpdream> by user <gpdream> in cluster <cromwell>.
Job was executed on host(s) <node434>, in queue <hour>, as user <gpdream> in cluster <cromwell>.
</home/unix/gpdream> was used as the home directory.
</xchip/gpdev/servers/dream/jobResults/635> was used as the working directory.
Started at Sun Aug 12 11:17:50 2012
Results reported at Sun Aug 12 11:29:22 2012

Your job looked like:

------------------------------------------------------------
# LSBATCH: User input
'/xchip/gpdev/servers/dream/taskLib/CLR.22.152/clr' '--data' '/xchip/gpdev/servers/dream/shared_data/dream5_data/net2/net2_expression_data.tsv' '--reg' '/xchip/gpdev/servers/dream/shared_data/dream5_data/net2/net2_transcription_factors.tsv' '--cut' '-1' '--bins' '10' '--spline' '3' >> 'stdout.txt'
------------------------------------------------------------

Successfully completed.

Resource usage summary:

    CPU time   :    618.91 sec.
    Max Memory :        88 MB
    Max Swap   :       126 MB

    Max Processes  :         3
    Max Threads    :         4

The output (if any) follows:



PS:

Read file </xchip/gpdev/servers/dream/jobResults/635/stderr.txt> for stderr output of this job.

