Sender: LSF System <lsf@node1065>
Subject: Job 328783: <650> Done

Job <650> was submitted from host <gpdream> by user <gpdream> in cluster <cromwell>.
Job was executed on host(s) <node1065>, in queue <week>, as user <gpdream> in cluster <cromwell>.
</home/unix/gpdream> was used as the home directory.
</xchip/gpdev/servers/dream/jobResults/650> was used as the working directory.
Started at Mon Aug 13 12:40:41 2012
Results reported at Mon Aug 13 17:48:56 2012

Your job looked like:

------------------------------------------------------------
# LSBATCH: User input
'/xchip/gpdev/servers/dream/taskLib/CLR.22.152/clr' '--data' '/xchip/gpdev/servers/dream/shared_data/dream5_data/net4/net4_expression_data.tsv' '--reg' '/xchip/gpdev/servers/dream/shared_data/dream5_data/net4/net4_transcription_factors.tsv' '--cut' '-1' '--bins' '10' '--spline' '3' >> 'stdout.txt'
------------------------------------------------------------

Successfully completed.

Resource usage summary:

    CPU time   :  18201.88 sec.
    Max Memory :       472 MB
    Max Swap   :       516 MB

    Max Processes  :         3
    Max Threads    :         4

The output (if any) follows:



PS:

Read file </xchip/gpdev/servers/dream/jobResults/650/stderr.txt> for stderr output of this job.

